Created by PLY version 3.11 (http://www.dabeaz.com/ply)

Grammar

Rule 0     S' -> expression
Rule 1     expression -> expression PLUS expression
Rule 2     expression -> expression MINUS expression
Rule 3     expression -> expression TIMES expression
Rule 4     expression -> expression DIVIDE expression
Rule 5     expression -> expression EQ expression
Rule 6     expression -> expression NE expression
Rule 7     expression -> expression LT expression
Rule 8     expression -> expression LE expression
Rule 9     expression -> expression GT expression
Rule 10    expression -> expression GE expression
Rule 11    expression -> LPAREN expression RPAREN
Rule 12    expression -> NUMBER
Rule 13    expression -> DICE
Rule 14    expression -> DICE_CONDITION

Terminals, with rules where they appear

DICE                 : 13
DICE_CONDITION       : 14
DIVIDE               : 4
EQ                   : 5
GE                   : 10
GT                   : 9
LE                   : 8
LPAREN               : 11
LT                   : 7
MINUS                : 2
NE                   : 6
NUMBER               : 12
PLUS                 : 1
RPAREN               : 11
TIMES                : 3
error                : 

Nonterminals, with rules where they appear

expression           : 1 1 2 2 3 3 4 4 5 5 6 6 7 7 8 8 9 9 10 10 11 0

Parsing method: LALR

state 0

    (0) S' -> . expression
    (1) expression -> . expression PLUS expression
    (2) expression -> . expression MINUS expression
    (3) expression -> . expression TIMES expression
    (4) expression -> . expression DIVIDE expression
    (5) expression -> . expression EQ expression
    (6) expression -> . expression NE expression
    (7) expression -> . expression LT expression
    (8) expression -> . expression LE expression
    (9) expression -> . expression GT expression
    (10) expression -> . expression GE expression
    (11) expression -> . LPAREN expression RPAREN
    (12) expression -> . NUMBER
    (13) expression -> . DICE
    (14) expression -> . DICE_CONDITION

    LPAREN          shift and go to state 2
    NUMBER          shift and go to state 3
    DICE            shift and go to state 4
    DICE_CONDITION  shift and go to state 5

    expression                     shift and go to state 1

state 1

    (0) S' -> expression .
    (1) expression -> expression . PLUS expression
    (2) expression -> expression . MINUS expression
    (3) expression -> expression . TIMES expression
    (4) expression -> expression . DIVIDE expression
    (5) expression -> expression . EQ expression
    (6) expression -> expression . NE expression
    (7) expression -> expression . LT expression
    (8) expression -> expression . LE expression
    (9) expression -> expression . GT expression
    (10) expression -> expression . GE expression

    PLUS            shift and go to state 6
    MINUS           shift and go to state 7
    TIMES           shift and go to state 8
    DIVIDE          shift and go to state 9
    EQ              shift and go to state 10
    NE              shift and go to state 11
    LT              shift and go to state 12
    LE              shift and go to state 13
    GT              shift and go to state 14
    GE              shift and go to state 15


state 2

    (11) expression -> LPAREN . expression RPAREN
    (1) expression -> . expression PLUS expression
    (2) expression -> . expression MINUS expression
    (3) expression -> . expression TIMES expression
    (4) expression -> . expression DIVIDE expression
    (5) expression -> . expression EQ expression
    (6) expression -> . expression NE expression
    (7) expression -> . expression LT expression
    (8) expression -> . expression LE expression
    (9) expression -> . expression GT expression
    (10) expression -> . expression GE expression
    (11) expression -> . LPAREN expression RPAREN
    (12) expression -> . NUMBER
    (13) expression -> . DICE
    (14) expression -> . DICE_CONDITION

    LPAREN          shift and go to state 2
    NUMBER          shift and go to state 3
    DICE            shift and go to state 4
    DICE_CONDITION  shift and go to state 5

    expression                     shift and go to state 16

state 3

    (12) expression -> NUMBER .

    PLUS            reduce using rule 12 (expression -> NUMBER .)
    MINUS           reduce using rule 12 (expression -> NUMBER .)
    TIMES           reduce using rule 12 (expression -> NUMBER .)
    DIVIDE          reduce using rule 12 (expression -> NUMBER .)
    EQ              reduce using rule 12 (expression -> NUMBER .)
    NE              reduce using rule 12 (expression -> NUMBER .)
    LT              reduce using rule 12 (expression -> NUMBER .)
    LE              reduce using rule 12 (expression -> NUMBER .)
    GT              reduce using rule 12 (expression -> NUMBER .)
    GE              reduce using rule 12 (expression -> NUMBER .)
    $end            reduce using rule 12 (expression -> NUMBER .)
    RPAREN          reduce using rule 12 (expression -> NUMBER .)


state 4

    (13) expression -> DICE .

    PLUS            reduce using rule 13 (expression -> DICE .)
    MINUS           reduce using rule 13 (expression -> DICE .)
    TIMES           reduce using rule 13 (expression -> DICE .)
    DIVIDE          reduce using rule 13 (expression -> DICE .)
    EQ              reduce using rule 13 (expression -> DICE .)
    NE              reduce using rule 13 (expression -> DICE .)
    LT              reduce using rule 13 (expression -> DICE .)
    LE              reduce using rule 13 (expression -> DICE .)
    GT              reduce using rule 13 (expression -> DICE .)
    GE              reduce using rule 13 (expression -> DICE .)
    $end            reduce using rule 13 (expression -> DICE .)
    RPAREN          reduce using rule 13 (expression -> DICE .)


state 5

    (14) expression -> DICE_CONDITION .

    PLUS            reduce using rule 14 (expression -> DICE_CONDITION .)
    MINUS           reduce using rule 14 (expression -> DICE_CONDITION .)
    TIMES           reduce using rule 14 (expression -> DICE_CONDITION .)
    DIVIDE          reduce using rule 14 (expression -> DICE_CONDITION .)
    EQ              reduce using rule 14 (expression -> DICE_CONDITION .)
    NE              reduce using rule 14 (expression -> DICE_CONDITION .)
    LT              reduce using rule 14 (expression -> DICE_CONDITION .)
    LE              reduce using rule 14 (expression -> DICE_CONDITION .)
    GT              reduce using rule 14 (expression -> DICE_CONDITION .)
    GE              reduce using rule 14 (expression -> DICE_CONDITION .)
    $end            reduce using rule 14 (expression -> DICE_CONDITION .)
    RPAREN          reduce using rule 14 (expression -> DICE_CONDITION .)


state 6

    (1) expression -> expression PLUS . expression
    (1) expression -> . expression PLUS expression
    (2) expression -> . expression MINUS expression
    (3) expression -> . expression TIMES expression
    (4) expression -> . expression DIVIDE expression
    (5) expression -> . expression EQ expression
    (6) expression -> . expression NE expression
    (7) expression -> . expression LT expression
    (8) expression -> . expression LE expression
    (9) expression -> . expression GT expression
    (10) expression -> . expression GE expression
    (11) expression -> . LPAREN expression RPAREN
    (12) expression -> . NUMBER
    (13) expression -> . DICE
    (14) expression -> . DICE_CONDITION

    LPAREN          shift and go to state 2
    NUMBER          shift and go to state 3
    DICE            shift and go to state 4
    DICE_CONDITION  shift and go to state 5

    expression                     shift and go to state 17

state 7

    (2) expression -> expression MINUS . expression
    (1) expression -> . expression PLUS expression
    (2) expression -> . expression MINUS expression
    (3) expression -> . expression TIMES expression
    (4) expression -> . expression DIVIDE expression
    (5) expression -> . expression EQ expression
    (6) expression -> . expression NE expression
    (7) expression -> . expression LT expression
    (8) expression -> . expression LE expression
    (9) expression -> . expression GT expression
    (10) expression -> . expression GE expression
    (11) expression -> . LPAREN expression RPAREN
    (12) expression -> . NUMBER
    (13) expression -> . DICE
    (14) expression -> . DICE_CONDITION

    LPAREN          shift and go to state 2
    NUMBER          shift and go to state 3
    DICE            shift and go to state 4
    DICE_CONDITION  shift and go to state 5

    expression                     shift and go to state 18

state 8

    (3) expression -> expression TIMES . expression
    (1) expression -> . expression PLUS expression
    (2) expression -> . expression MINUS expression
    (3) expression -> . expression TIMES expression
    (4) expression -> . expression DIVIDE expression
    (5) expression -> . expression EQ expression
    (6) expression -> . expression NE expression
    (7) expression -> . expression LT expression
    (8) expression -> . expression LE expression
    (9) expression -> . expression GT expression
    (10) expression -> . expression GE expression
    (11) expression -> . LPAREN expression RPAREN
    (12) expression -> . NUMBER
    (13) expression -> . DICE
    (14) expression -> . DICE_CONDITION

    LPAREN          shift and go to state 2
    NUMBER          shift and go to state 3
    DICE            shift and go to state 4
    DICE_CONDITION  shift and go to state 5

    expression                     shift and go to state 19

state 9

    (4) expression -> expression DIVIDE . expression
    (1) expression -> . expression PLUS expression
    (2) expression -> . expression MINUS expression
    (3) expression -> . expression TIMES expression
    (4) expression -> . expression DIVIDE expression
    (5) expression -> . expression EQ expression
    (6) expression -> . expression NE expression
    (7) expression -> . expression LT expression
    (8) expression -> . expression LE expression
    (9) expression -> . expression GT expression
    (10) expression -> . expression GE expression
    (11) expression -> . LPAREN expression RPAREN
    (12) expression -> . NUMBER
    (13) expression -> . DICE
    (14) expression -> . DICE_CONDITION

    LPAREN          shift and go to state 2
    NUMBER          shift and go to state 3
    DICE            shift and go to state 4
    DICE_CONDITION  shift and go to state 5

    expression                     shift and go to state 20

state 10

    (5) expression -> expression EQ . expression
    (1) expression -> . expression PLUS expression
    (2) expression -> . expression MINUS expression
    (3) expression -> . expression TIMES expression
    (4) expression -> . expression DIVIDE expression
    (5) expression -> . expression EQ expression
    (6) expression -> . expression NE expression
    (7) expression -> . expression LT expression
    (8) expression -> . expression LE expression
    (9) expression -> . expression GT expression
    (10) expression -> . expression GE expression
    (11) expression -> . LPAREN expression RPAREN
    (12) expression -> . NUMBER
    (13) expression -> . DICE
    (14) expression -> . DICE_CONDITION

    LPAREN          shift and go to state 2
    NUMBER          shift and go to state 3
    DICE            shift and go to state 4
    DICE_CONDITION  shift and go to state 5

    expression                     shift and go to state 21

state 11

    (6) expression -> expression NE . expression
    (1) expression -> . expression PLUS expression
    (2) expression -> . expression MINUS expression
    (3) expression -> . expression TIMES expression
    (4) expression -> . expression DIVIDE expression
    (5) expression -> . expression EQ expression
    (6) expression -> . expression NE expression
    (7) expression -> . expression LT expression
    (8) expression -> . expression LE expression
    (9) expression -> . expression GT expression
    (10) expression -> . expression GE expression
    (11) expression -> . LPAREN expression RPAREN
    (12) expression -> . NUMBER
    (13) expression -> . DICE
    (14) expression -> . DICE_CONDITION

    LPAREN          shift and go to state 2
    NUMBER          shift and go to state 3
    DICE            shift and go to state 4
    DICE_CONDITION  shift and go to state 5

    expression                     shift and go to state 22

state 12

    (7) expression -> expression LT . expression
    (1) expression -> . expression PLUS expression
    (2) expression -> . expression MINUS expression
    (3) expression -> . expression TIMES expression
    (4) expression -> . expression DIVIDE expression
    (5) expression -> . expression EQ expression
    (6) expression -> . expression NE expression
    (7) expression -> . expression LT expression
    (8) expression -> . expression LE expression
    (9) expression -> . expression GT expression
    (10) expression -> . expression GE expression
    (11) expression -> . LPAREN expression RPAREN
    (12) expression -> . NUMBER
    (13) expression -> . DICE
    (14) expression -> . DICE_CONDITION

    LPAREN          shift and go to state 2
    NUMBER          shift and go to state 3
    DICE            shift and go to state 4
    DICE_CONDITION  shift and go to state 5

    expression                     shift and go to state 23

state 13

    (8) expression -> expression LE . expression
    (1) expression -> . expression PLUS expression
    (2) expression -> . expression MINUS expression
    (3) expression -> . expression TIMES expression
    (4) expression -> . expression DIVIDE expression
    (5) expression -> . expression EQ expression
    (6) expression -> . expression NE expression
    (7) expression -> . expression LT expression
    (8) expression -> . expression LE expression
    (9) expression -> . expression GT expression
    (10) expression -> . expression GE expression
    (11) expression -> . LPAREN expression RPAREN
    (12) expression -> . NUMBER
    (13) expression -> . DICE
    (14) expression -> . DICE_CONDITION

    LPAREN          shift and go to state 2
    NUMBER          shift and go to state 3
    DICE            shift and go to state 4
    DICE_CONDITION  shift and go to state 5

    expression                     shift and go to state 24

state 14

    (9) expression -> expression GT . expression
    (1) expression -> . expression PLUS expression
    (2) expression -> . expression MINUS expression
    (3) expression -> . expression TIMES expression
    (4) expression -> . expression DIVIDE expression
    (5) expression -> . expression EQ expression
    (6) expression -> . expression NE expression
    (7) expression -> . expression LT expression
    (8) expression -> . expression LE expression
    (9) expression -> . expression GT expression
    (10) expression -> . expression GE expression
    (11) expression -> . LPAREN expression RPAREN
    (12) expression -> . NUMBER
    (13) expression -> . DICE
    (14) expression -> . DICE_CONDITION

    LPAREN          shift and go to state 2
    NUMBER          shift and go to state 3
    DICE            shift and go to state 4
    DICE_CONDITION  shift and go to state 5

    expression                     shift and go to state 25

state 15

    (10) expression -> expression GE . expression
    (1) expression -> . expression PLUS expression
    (2) expression -> . expression MINUS expression
    (3) expression -> . expression TIMES expression
    (4) expression -> . expression DIVIDE expression
    (5) expression -> . expression EQ expression
    (6) expression -> . expression NE expression
    (7) expression -> . expression LT expression
    (8) expression -> . expression LE expression
    (9) expression -> . expression GT expression
    (10) expression -> . expression GE expression
    (11) expression -> . LPAREN expression RPAREN
    (12) expression -> . NUMBER
    (13) expression -> . DICE
    (14) expression -> . DICE_CONDITION

    LPAREN          shift and go to state 2
    NUMBER          shift and go to state 3
    DICE            shift and go to state 4
    DICE_CONDITION  shift and go to state 5

    expression                     shift and go to state 26

state 16

    (11) expression -> LPAREN expression . RPAREN
    (1) expression -> expression . PLUS expression
    (2) expression -> expression . MINUS expression
    (3) expression -> expression . TIMES expression
    (4) expression -> expression . DIVIDE expression
    (5) expression -> expression . EQ expression
    (6) expression -> expression . NE expression
    (7) expression -> expression . LT expression
    (8) expression -> expression . LE expression
    (9) expression -> expression . GT expression
    (10) expression -> expression . GE expression

    RPAREN          shift and go to state 27
    PLUS            shift and go to state 6
    MINUS           shift and go to state 7
    TIMES           shift and go to state 8
    DIVIDE          shift and go to state 9
    EQ              shift and go to state 10
    NE              shift and go to state 11
    LT              shift and go to state 12
    LE              shift and go to state 13
    GT              shift and go to state 14
    GE              shift and go to state 15


state 17

    (1) expression -> expression PLUS expression .
    (1) expression -> expression . PLUS expression
    (2) expression -> expression . MINUS expression
    (3) expression -> expression . TIMES expression
    (4) expression -> expression . DIVIDE expression
    (5) expression -> expression . EQ expression
    (6) expression -> expression . NE expression
    (7) expression -> expression . LT expression
    (8) expression -> expression . LE expression
    (9) expression -> expression . GT expression
    (10) expression -> expression . GE expression

  ! shift/reduce conflict for PLUS resolved as shift
  ! shift/reduce conflict for MINUS resolved as shift
  ! shift/reduce conflict for TIMES resolved as shift
  ! shift/reduce conflict for DIVIDE resolved as shift
  ! shift/reduce conflict for EQ resolved as shift
  ! shift/reduce conflict for NE resolved as shift
  ! shift/reduce conflict for LT resolved as shift
  ! shift/reduce conflict for LE resolved as shift
  ! shift/reduce conflict for GT resolved as shift
  ! shift/reduce conflict for GE resolved as shift
    $end            reduce using rule 1 (expression -> expression PLUS expression .)
    RPAREN          reduce using rule 1 (expression -> expression PLUS expression .)
    PLUS            shift and go to state 6
    MINUS           shift and go to state 7
    TIMES           shift and go to state 8
    DIVIDE          shift and go to state 9
    EQ              shift and go to state 10
    NE              shift and go to state 11
    LT              shift and go to state 12
    LE              shift and go to state 13
    GT              shift and go to state 14
    GE              shift and go to state 15

  ! PLUS            [ reduce using rule 1 (expression -> expression PLUS expression .) ]
  ! MINUS           [ reduce using rule 1 (expression -> expression PLUS expression .) ]
  ! TIMES           [ reduce using rule 1 (expression -> expression PLUS expression .) ]
  ! DIVIDE          [ reduce using rule 1 (expression -> expression PLUS expression .) ]
  ! EQ              [ reduce using rule 1 (expression -> expression PLUS expression .) ]
  ! NE              [ reduce using rule 1 (expression -> expression PLUS expression .) ]
  ! LT              [ reduce using rule 1 (expression -> expression PLUS expression .) ]
  ! LE              [ reduce using rule 1 (expression -> expression PLUS expression .) ]
  ! GT              [ reduce using rule 1 (expression -> expression PLUS expression .) ]
  ! GE              [ reduce using rule 1 (expression -> expression PLUS expression .) ]


state 18

    (2) expression -> expression MINUS expression .
    (1) expression -> expression . PLUS expression
    (2) expression -> expression . MINUS expression
    (3) expression -> expression . TIMES expression
    (4) expression -> expression . DIVIDE expression
    (5) expression -> expression . EQ expression
    (6) expression -> expression . NE expression
    (7) expression -> expression . LT expression
    (8) expression -> expression . LE expression
    (9) expression -> expression . GT expression
    (10) expression -> expression . GE expression

  ! shift/reduce conflict for PLUS resolved as shift
  ! shift/reduce conflict for MINUS resolved as shift
  ! shift/reduce conflict for TIMES resolved as shift
  ! shift/reduce conflict for DIVIDE resolved as shift
  ! shift/reduce conflict for EQ resolved as shift
  ! shift/reduce conflict for NE resolved as shift
  ! shift/reduce conflict for LT resolved as shift
  ! shift/reduce conflict for LE resolved as shift
  ! shift/reduce conflict for GT resolved as shift
  ! shift/reduce conflict for GE resolved as shift
    $end            reduce using rule 2 (expression -> expression MINUS expression .)
    RPAREN          reduce using rule 2 (expression -> expression MINUS expression .)
    PLUS            shift and go to state 6
    MINUS           shift and go to state 7
    TIMES           shift and go to state 8
    DIVIDE          shift and go to state 9
    EQ              shift and go to state 10
    NE              shift and go to state 11
    LT              shift and go to state 12
    LE              shift and go to state 13
    GT              shift and go to state 14
    GE              shift and go to state 15

  ! PLUS            [ reduce using rule 2 (expression -> expression MINUS expression .) ]
  ! MINUS           [ reduce using rule 2 (expression -> expression MINUS expression .) ]
  ! TIMES           [ reduce using rule 2 (expression -> expression MINUS expression .) ]
  ! DIVIDE          [ reduce using rule 2 (expression -> expression MINUS expression .) ]
  ! EQ              [ reduce using rule 2 (expression -> expression MINUS expression .) ]
  ! NE              [ reduce using rule 2 (expression -> expression MINUS expression .) ]
  ! LT              [ reduce using rule 2 (expression -> expression MINUS expression .) ]
  ! LE              [ reduce using rule 2 (expression -> expression MINUS expression .) ]
  ! GT              [ reduce using rule 2 (expression -> expression MINUS expression .) ]
  ! GE              [ reduce using rule 2 (expression -> expression MINUS expression .) ]


state 19

    (3) expression -> expression TIMES expression .
    (1) expression -> expression . PLUS expression
    (2) expression -> expression . MINUS expression
    (3) expression -> expression . TIMES expression
    (4) expression -> expression . DIVIDE expression
    (5) expression -> expression . EQ expression
    (6) expression -> expression . NE expression
    (7) expression -> expression . LT expression
    (8) expression -> expression . LE expression
    (9) expression -> expression . GT expression
    (10) expression -> expression . GE expression

  ! shift/reduce conflict for PLUS resolved as shift
  ! shift/reduce conflict for MINUS resolved as shift
  ! shift/reduce conflict for TIMES resolved as shift
  ! shift/reduce conflict for DIVIDE resolved as shift
  ! shift/reduce conflict for EQ resolved as shift
  ! shift/reduce conflict for NE resolved as shift
  ! shift/reduce conflict for LT resolved as shift
  ! shift/reduce conflict for LE resolved as shift
  ! shift/reduce conflict for GT resolved as shift
  ! shift/reduce conflict for GE resolved as shift
    $end            reduce using rule 3 (expression -> expression TIMES expression .)
    RPAREN          reduce using rule 3 (expression -> expression TIMES expression .)
    PLUS            shift and go to state 6
    MINUS           shift and go to state 7
    TIMES           shift and go to state 8
    DIVIDE          shift and go to state 9
    EQ              shift and go to state 10
    NE              shift and go to state 11
    LT              shift and go to state 12
    LE              shift and go to state 13
    GT              shift and go to state 14
    GE              shift and go to state 15

  ! PLUS            [ reduce using rule 3 (expression -> expression TIMES expression .) ]
  ! MINUS           [ reduce using rule 3 (expression -> expression TIMES expression .) ]
  ! TIMES           [ reduce using rule 3 (expression -> expression TIMES expression .) ]
  ! DIVIDE          [ reduce using rule 3 (expression -> expression TIMES expression .) ]
  ! EQ              [ reduce using rule 3 (expression -> expression TIMES expression .) ]
  ! NE              [ reduce using rule 3 (expression -> expression TIMES expression .) ]
  ! LT              [ reduce using rule 3 (expression -> expression TIMES expression .) ]
  ! LE              [ reduce using rule 3 (expression -> expression TIMES expression .) ]
  ! GT              [ reduce using rule 3 (expression -> expression TIMES expression .) ]
  ! GE              [ reduce using rule 3 (expression -> expression TIMES expression .) ]


state 20

    (4) expression -> expression DIVIDE expression .
    (1) expression -> expression . PLUS expression
    (2) expression -> expression . MINUS expression
    (3) expression -> expression . TIMES expression
    (4) expression -> expression . DIVIDE expression
    (5) expression -> expression . EQ expression
    (6) expression -> expression . NE expression
    (7) expression -> expression . LT expression
    (8) expression -> expression . LE expression
    (9) expression -> expression . GT expression
    (10) expression -> expression . GE expression

  ! shift/reduce conflict for PLUS resolved as shift
  ! shift/reduce conflict for MINUS resolved as shift
  ! shift/reduce conflict for TIMES resolved as shift
  ! shift/reduce conflict for DIVIDE resolved as shift
  ! shift/reduce conflict for EQ resolved as shift
  ! shift/reduce conflict for NE resolved as shift
  ! shift/reduce conflict for LT resolved as shift
  ! shift/reduce conflict for LE resolved as shift
  ! shift/reduce conflict for GT resolved as shift
  ! shift/reduce conflict for GE resolved as shift
    $end            reduce using rule 4 (expression -> expression DIVIDE expression .)
    RPAREN          reduce using rule 4 (expression -> expression DIVIDE expression .)
    PLUS            shift and go to state 6
    MINUS           shift and go to state 7
    TIMES           shift and go to state 8
    DIVIDE          shift and go to state 9
    EQ              shift and go to state 10
    NE              shift and go to state 11
    LT              shift and go to state 12
    LE              shift and go to state 13
    GT              shift and go to state 14
    GE              shift and go to state 15

  ! PLUS            [ reduce using rule 4 (expression -> expression DIVIDE expression .) ]
  ! MINUS           [ reduce using rule 4 (expression -> expression DIVIDE expression .) ]
  ! TIMES           [ reduce using rule 4 (expression -> expression DIVIDE expression .) ]
  ! DIVIDE          [ reduce using rule 4 (expression -> expression DIVIDE expression .) ]
  ! EQ              [ reduce using rule 4 (expression -> expression DIVIDE expression .) ]
  ! NE              [ reduce using rule 4 (expression -> expression DIVIDE expression .) ]
  ! LT              [ reduce using rule 4 (expression -> expression DIVIDE expression .) ]
  ! LE              [ reduce using rule 4 (expression -> expression DIVIDE expression .) ]
  ! GT              [ reduce using rule 4 (expression -> expression DIVIDE expression .) ]
  ! GE              [ reduce using rule 4 (expression -> expression DIVIDE expression .) ]


state 21

    (5) expression -> expression EQ expression .
    (1) expression -> expression . PLUS expression
    (2) expression -> expression . MINUS expression
    (3) expression -> expression . TIMES expression
    (4) expression -> expression . DIVIDE expression
    (5) expression -> expression . EQ expression
    (6) expression -> expression . NE expression
    (7) expression -> expression . LT expression
    (8) expression -> expression . LE expression
    (9) expression -> expression . GT expression
    (10) expression -> expression . GE expression

  ! shift/reduce conflict for PLUS resolved as shift
  ! shift/reduce conflict for MINUS resolved as shift
  ! shift/reduce conflict for TIMES resolved as shift
  ! shift/reduce conflict for DIVIDE resolved as shift
  ! shift/reduce conflict for EQ resolved as shift
  ! shift/reduce conflict for NE resolved as shift
  ! shift/reduce conflict for LT resolved as shift
  ! shift/reduce conflict for LE resolved as shift
  ! shift/reduce conflict for GT resolved as shift
  ! shift/reduce conflict for GE resolved as shift
    $end            reduce using rule 5 (expression -> expression EQ expression .)
    RPAREN          reduce using rule 5 (expression -> expression EQ expression .)
    PLUS            shift and go to state 6
    MINUS           shift and go to state 7
    TIMES           shift and go to state 8
    DIVIDE          shift and go to state 9
    EQ              shift and go to state 10
    NE              shift and go to state 11
    LT              shift and go to state 12
    LE              shift and go to state 13
    GT              shift and go to state 14
    GE              shift and go to state 15

  ! PLUS            [ reduce using rule 5 (expression -> expression EQ expression .) ]
  ! MINUS           [ reduce using rule 5 (expression -> expression EQ expression .) ]
  ! TIMES           [ reduce using rule 5 (expression -> expression EQ expression .) ]
  ! DIVIDE          [ reduce using rule 5 (expression -> expression EQ expression .) ]
  ! EQ              [ reduce using rule 5 (expression -> expression EQ expression .) ]
  ! NE              [ reduce using rule 5 (expression -> expression EQ expression .) ]
  ! LT              [ reduce using rule 5 (expression -> expression EQ expression .) ]
  ! LE              [ reduce using rule 5 (expression -> expression EQ expression .) ]
  ! GT              [ reduce using rule 5 (expression -> expression EQ expression .) ]
  ! GE              [ reduce using rule 5 (expression -> expression EQ expression .) ]


state 22

    (6) expression -> expression NE expression .
    (1) expression -> expression . PLUS expression
    (2) expression -> expression . MINUS expression
    (3) expression -> expression . TIMES expression
    (4) expression -> expression . DIVIDE expression
    (5) expression -> expression . EQ expression
    (6) expression -> expression . NE expression
    (7) expression -> expression . LT expression
    (8) expression -> expression . LE expression
    (9) expression -> expression . GT expression
    (10) expression -> expression . GE expression

  ! shift/reduce conflict for PLUS resolved as shift
  ! shift/reduce conflict for MINUS resolved as shift
  ! shift/reduce conflict for TIMES resolved as shift
  ! shift/reduce conflict for DIVIDE resolved as shift
  ! shift/reduce conflict for EQ resolved as shift
  ! shift/reduce conflict for NE resolved as shift
  ! shift/reduce conflict for LT resolved as shift
  ! shift/reduce conflict for LE resolved as shift
  ! shift/reduce conflict for GT resolved as shift
  ! shift/reduce conflict for GE resolved as shift
    $end            reduce using rule 6 (expression -> expression NE expression .)
    RPAREN          reduce using rule 6 (expression -> expression NE expression .)
    PLUS            shift and go to state 6
    MINUS           shift and go to state 7
    TIMES           shift and go to state 8
    DIVIDE          shift and go to state 9
    EQ              shift and go to state 10
    NE              shift and go to state 11
    LT              shift and go to state 12
    LE              shift and go to state 13
    GT              shift and go to state 14
    GE              shift and go to state 15

  ! PLUS            [ reduce using rule 6 (expression -> expression NE expression .) ]
  ! MINUS           [ reduce using rule 6 (expression -> expression NE expression .) ]
  ! TIMES           [ reduce using rule 6 (expression -> expression NE expression .) ]
  ! DIVIDE          [ reduce using rule 6 (expression -> expression NE expression .) ]
  ! EQ              [ reduce using rule 6 (expression -> expression NE expression .) ]
  ! NE              [ reduce using rule 6 (expression -> expression NE expression .) ]
  ! LT              [ reduce using rule 6 (expression -> expression NE expression .) ]
  ! LE              [ reduce using rule 6 (expression -> expression NE expression .) ]
  ! GT              [ reduce using rule 6 (expression -> expression NE expression .) ]
  ! GE              [ reduce using rule 6 (expression -> expression NE expression .) ]


state 23

    (7) expression -> expression LT expression .
    (1) expression -> expression . PLUS expression
    (2) expression -> expression . MINUS expression
    (3) expression -> expression . TIMES expression
    (4) expression -> expression . DIVIDE expression
    (5) expression -> expression . EQ expression
    (6) expression -> expression . NE expression
    (7) expression -> expression . LT expression
    (8) expression -> expression . LE expression
    (9) expression -> expression . GT expression
    (10) expression -> expression . GE expression

  ! shift/reduce conflict for PLUS resolved as shift
  ! shift/reduce conflict for MINUS resolved as shift
  ! shift/reduce conflict for TIMES resolved as shift
  ! shift/reduce conflict for DIVIDE resolved as shift
  ! shift/reduce conflict for EQ resolved as shift
  ! shift/reduce conflict for NE resolved as shift
  ! shift/reduce conflict for LT resolved as shift
  ! shift/reduce conflict for LE resolved as shift
  ! shift/reduce conflict for GT resolved as shift
  ! shift/reduce conflict for GE resolved as shift
    $end            reduce using rule 7 (expression -> expression LT expression .)
    RPAREN          reduce using rule 7 (expression -> expression LT expression .)
    PLUS            shift and go to state 6
    MINUS           shift and go to state 7
    TIMES           shift and go to state 8
    DIVIDE          shift and go to state 9
    EQ              shift and go to state 10
    NE              shift and go to state 11
    LT              shift and go to state 12
    LE              shift and go to state 13
    GT              shift and go to state 14
    GE              shift and go to state 15

  ! PLUS            [ reduce using rule 7 (expression -> expression LT expression .) ]
  ! MINUS           [ reduce using rule 7 (expression -> expression LT expression .) ]
  ! TIMES           [ reduce using rule 7 (expression -> expression LT expression .) ]
  ! DIVIDE          [ reduce using rule 7 (expression -> expression LT expression .) ]
  ! EQ              [ reduce using rule 7 (expression -> expression LT expression .) ]
  ! NE              [ reduce using rule 7 (expression -> expression LT expression .) ]
  ! LT              [ reduce using rule 7 (expression -> expression LT expression .) ]
  ! LE              [ reduce using rule 7 (expression -> expression LT expression .) ]
  ! GT              [ reduce using rule 7 (expression -> expression LT expression .) ]
  ! GE              [ reduce using rule 7 (expression -> expression LT expression .) ]


state 24

    (8) expression -> expression LE expression .
    (1) expression -> expression . PLUS expression
    (2) expression -> expression . MINUS expression
    (3) expression -> expression . TIMES expression
    (4) expression -> expression . DIVIDE expression
    (5) expression -> expression . EQ expression
    (6) expression -> expression . NE expression
    (7) expression -> expression . LT expression
    (8) expression -> expression . LE expression
    (9) expression -> expression . GT expression
    (10) expression -> expression . GE expression

  ! shift/reduce conflict for PLUS resolved as shift
  ! shift/reduce conflict for MINUS resolved as shift
  ! shift/reduce conflict for TIMES resolved as shift
  ! shift/reduce conflict for DIVIDE resolved as shift
  ! shift/reduce conflict for EQ resolved as shift
  ! shift/reduce conflict for NE resolved as shift
  ! shift/reduce conflict for LT resolved as shift
  ! shift/reduce conflict for LE resolved as shift
  ! shift/reduce conflict for GT resolved as shift
  ! shift/reduce conflict for GE resolved as shift
    $end            reduce using rule 8 (expression -> expression LE expression .)
    RPAREN          reduce using rule 8 (expression -> expression LE expression .)
    PLUS            shift and go to state 6
    MINUS           shift and go to state 7
    TIMES           shift and go to state 8
    DIVIDE          shift and go to state 9
    EQ              shift and go to state 10
    NE              shift and go to state 11
    LT              shift and go to state 12
    LE              shift and go to state 13
    GT              shift and go to state 14
    GE              shift and go to state 15

  ! PLUS            [ reduce using rule 8 (expression -> expression LE expression .) ]
  ! MINUS           [ reduce using rule 8 (expression -> expression LE expression .) ]
  ! TIMES           [ reduce using rule 8 (expression -> expression LE expression .) ]
  ! DIVIDE          [ reduce using rule 8 (expression -> expression LE expression .) ]
  ! EQ              [ reduce using rule 8 (expression -> expression LE expression .) ]
  ! NE              [ reduce using rule 8 (expression -> expression LE expression .) ]
  ! LT              [ reduce using rule 8 (expression -> expression LE expression .) ]
  ! LE              [ reduce using rule 8 (expression -> expression LE expression .) ]
  ! GT              [ reduce using rule 8 (expression -> expression LE expression .) ]
  ! GE              [ reduce using rule 8 (expression -> expression LE expression .) ]


state 25

    (9) expression -> expression GT expression .
    (1) expression -> expression . PLUS expression
    (2) expression -> expression . MINUS expression
    (3) expression -> expression . TIMES expression
    (4) expression -> expression . DIVIDE expression
    (5) expression -> expression . EQ expression
    (6) expression -> expression . NE expression
    (7) expression -> expression . LT expression
    (8) expression -> expression . LE expression
    (9) expression -> expression . GT expression
    (10) expression -> expression . GE expression

  ! shift/reduce conflict for PLUS resolved as shift
  ! shift/reduce conflict for MINUS resolved as shift
  ! shift/reduce conflict for TIMES resolved as shift
  ! shift/reduce conflict for DIVIDE resolved as shift
  ! shift/reduce conflict for EQ resolved as shift
  ! shift/reduce conflict for NE resolved as shift
  ! shift/reduce conflict for LT resolved as shift
  ! shift/reduce conflict for LE resolved as shift
  ! shift/reduce conflict for GT resolved as shift
  ! shift/reduce conflict for GE resolved as shift
    $end            reduce using rule 9 (expression -> expression GT expression .)
    RPAREN          reduce using rule 9 (expression -> expression GT expression .)
    PLUS            shift and go to state 6
    MINUS           shift and go to state 7
    TIMES           shift and go to state 8
    DIVIDE          shift and go to state 9
    EQ              shift and go to state 10
    NE              shift and go to state 11
    LT              shift and go to state 12
    LE              shift and go to state 13
    GT              shift and go to state 14
    GE              shift and go to state 15

  ! PLUS            [ reduce using rule 9 (expression -> expression GT expression .) ]
  ! MINUS           [ reduce using rule 9 (expression -> expression GT expression .) ]
  ! TIMES           [ reduce using rule 9 (expression -> expression GT expression .) ]
  ! DIVIDE          [ reduce using rule 9 (expression -> expression GT expression .) ]
  ! EQ              [ reduce using rule 9 (expression -> expression GT expression .) ]
  ! NE              [ reduce using rule 9 (expression -> expression GT expression .) ]
  ! LT              [ reduce using rule 9 (expression -> expression GT expression .) ]
  ! LE              [ reduce using rule 9 (expression -> expression GT expression .) ]
  ! GT              [ reduce using rule 9 (expression -> expression GT expression .) ]
  ! GE              [ reduce using rule 9 (expression -> expression GT expression .) ]


state 26

    (10) expression -> expression GE expression .
    (1) expression -> expression . PLUS expression
    (2) expression -> expression . MINUS expression
    (3) expression -> expression . TIMES expression
    (4) expression -> expression . DIVIDE expression
    (5) expression -> expression . EQ expression
    (6) expression -> expression . NE expression
    (7) expression -> expression . LT expression
    (8) expression -> expression . LE expression
    (9) expression -> expression . GT expression
    (10) expression -> expression . GE expression

  ! shift/reduce conflict for PLUS resolved as shift
  ! shift/reduce conflict for MINUS resolved as shift
  ! shift/reduce conflict for TIMES resolved as shift
  ! shift/reduce conflict for DIVIDE resolved as shift
  ! shift/reduce conflict for EQ resolved as shift
  ! shift/reduce conflict for NE resolved as shift
  ! shift/reduce conflict for LT resolved as shift
  ! shift/reduce conflict for LE resolved as shift
  ! shift/reduce conflict for GT resolved as shift
  ! shift/reduce conflict for GE resolved as shift
    $end            reduce using rule 10 (expression -> expression GE expression .)
    RPAREN          reduce using rule 10 (expression -> expression GE expression .)
    PLUS            shift and go to state 6
    MINUS           shift and go to state 7
    TIMES           shift and go to state 8
    DIVIDE          shift and go to state 9
    EQ              shift and go to state 10
    NE              shift and go to state 11
    LT              shift and go to state 12
    LE              shift and go to state 13
    GT              shift and go to state 14
    GE              shift and go to state 15

  ! PLUS            [ reduce using rule 10 (expression -> expression GE expression .) ]
  ! MINUS           [ reduce using rule 10 (expression -> expression GE expression .) ]
  ! TIMES           [ reduce using rule 10 (expression -> expression GE expression .) ]
  ! DIVIDE          [ reduce using rule 10 (expression -> expression GE expression .) ]
  ! EQ              [ reduce using rule 10 (expression -> expression GE expression .) ]
  ! NE              [ reduce using rule 10 (expression -> expression GE expression .) ]
  ! LT              [ reduce using rule 10 (expression -> expression GE expression .) ]
  ! LE              [ reduce using rule 10 (expression -> expression GE expression .) ]
  ! GT              [ reduce using rule 10 (expression -> expression GE expression .) ]
  ! GE              [ reduce using rule 10 (expression -> expression GE expression .) ]


state 27

    (11) expression -> LPAREN expression RPAREN .

    PLUS            reduce using rule 11 (expression -> LPAREN expression RPAREN .)
    MINUS           reduce using rule 11 (expression -> LPAREN expression RPAREN .)
    TIMES           reduce using rule 11 (expression -> LPAREN expression RPAREN .)
    DIVIDE          reduce using rule 11 (expression -> LPAREN expression RPAREN .)
    EQ              reduce using rule 11 (expression -> LPAREN expression RPAREN .)
    NE              reduce using rule 11 (expression -> LPAREN expression RPAREN .)
    LT              reduce using rule 11 (expression -> LPAREN expression RPAREN .)
    LE              reduce using rule 11 (expression -> LPAREN expression RPAREN .)
    GT              reduce using rule 11 (expression -> LPAREN expression RPAREN .)
    GE              reduce using rule 11 (expression -> LPAREN expression RPAREN .)
    $end            reduce using rule 11 (expression -> LPAREN expression RPAREN .)
    RPAREN          reduce using rule 11 (expression -> LPAREN expression RPAREN .)

WARNING: 
WARNING: Conflicts:
WARNING: 
WARNING: shift/reduce conflict for PLUS in state 17 resolved as shift
WARNING: shift/reduce conflict for MINUS in state 17 resolved as shift
WARNING: shift/reduce conflict for TIMES in state 17 resolved as shift
WARNING: shift/reduce conflict for DIVIDE in state 17 resolved as shift
WARNING: shift/reduce conflict for EQ in state 17 resolved as shift
WARNING: shift/reduce conflict for NE in state 17 resolved as shift
WARNING: shift/reduce conflict for LT in state 17 resolved as shift
WARNING: shift/reduce conflict for LE in state 17 resolved as shift
WARNING: shift/reduce conflict for GT in state 17 resolved as shift
WARNING: shift/reduce conflict for GE in state 17 resolved as shift
WARNING: shift/reduce conflict for PLUS in state 18 resolved as shift
WARNING: shift/reduce conflict for MINUS in state 18 resolved as shift
WARNING: shift/reduce conflict for TIMES in state 18 resolved as shift
WARNING: shift/reduce conflict for DIVIDE in state 18 resolved as shift
WARNING: shift/reduce conflict for EQ in state 18 resolved as shift
WARNING: shift/reduce conflict for NE in state 18 resolved as shift
WARNING: shift/reduce conflict for LT in state 18 resolved as shift
WARNING: shift/reduce conflict for LE in state 18 resolved as shift
WARNING: shift/reduce conflict for GT in state 18 resolved as shift
WARNING: shift/reduce conflict for GE in state 18 resolved as shift
WARNING: shift/reduce conflict for PLUS in state 19 resolved as shift
WARNING: shift/reduce conflict for MINUS in state 19 resolved as shift
WARNING: shift/reduce conflict for TIMES in state 19 resolved as shift
WARNING: shift/reduce conflict for DIVIDE in state 19 resolved as shift
WARNING: shift/reduce conflict for EQ in state 19 resolved as shift
WARNING: shift/reduce conflict for NE in state 19 resolved as shift
WARNING: shift/reduce conflict for LT in state 19 resolved as shift
WARNING: shift/reduce conflict for LE in state 19 resolved as shift
WARNING: shift/reduce conflict for GT in state 19 resolved as shift
WARNING: shift/reduce conflict for GE in state 19 resolved as shift
WARNING: shift/reduce conflict for PLUS in state 20 resolved as shift
WARNING: shift/reduce conflict for MINUS in state 20 resolved as shift
WARNING: shift/reduce conflict for TIMES in state 20 resolved as shift
WARNING: shift/reduce conflict for DIVIDE in state 20 resolved as shift
WARNING: shift/reduce conflict for EQ in state 20 resolved as shift
WARNING: shift/reduce conflict for NE in state 20 resolved as shift
WARNING: shift/reduce conflict for LT in state 20 resolved as shift
WARNING: shift/reduce conflict for LE in state 20 resolved as shift
WARNING: shift/reduce conflict for GT in state 20 resolved as shift
WARNING: shift/reduce conflict for GE in state 20 resolved as shift
WARNING: shift/reduce conflict for PLUS in state 21 resolved as shift
WARNING: shift/reduce conflict for MINUS in state 21 resolved as shift
WARNING: shift/reduce conflict for TIMES in state 21 resolved as shift
WARNING: shift/reduce conflict for DIVIDE in state 21 resolved as shift
WARNING: shift/reduce conflict for EQ in state 21 resolved as shift
WARNING: shift/reduce conflict for NE in state 21 resolved as shift
WARNING: shift/reduce conflict for LT in state 21 resolved as shift
WARNING: shift/reduce conflict for LE in state 21 resolved as shift
WARNING: shift/reduce conflict for GT in state 21 resolved as shift
WARNING: shift/reduce conflict for GE in state 21 resolved as shift
WARNING: shift/reduce conflict for PLUS in state 22 resolved as shift
WARNING: shift/reduce conflict for MINUS in state 22 resolved as shift
WARNING: shift/reduce conflict for TIMES in state 22 resolved as shift
WARNING: shift/reduce conflict for DIVIDE in state 22 resolved as shift
WARNING: shift/reduce conflict for EQ in state 22 resolved as shift
WARNING: shift/reduce conflict for NE in state 22 resolved as shift
WARNING: shift/reduce conflict for LT in state 22 resolved as shift
WARNING: shift/reduce conflict for LE in state 22 resolved as shift
WARNING: shift/reduce conflict for GT in state 22 resolved as shift
WARNING: shift/reduce conflict for GE in state 22 resolved as shift
WARNING: shift/reduce conflict for PLUS in state 23 resolved as shift
WARNING: shift/reduce conflict for MINUS in state 23 resolved as shift
WARNING: shift/reduce conflict for TIMES in state 23 resolved as shift
WARNING: shift/reduce conflict for DIVIDE in state 23 resolved as shift
WARNING: shift/reduce conflict for EQ in state 23 resolved as shift
WARNING: shift/reduce conflict for NE in state 23 resolved as shift
WARNING: shift/reduce conflict for LT in state 23 resolved as shift
WARNING: shift/reduce conflict for LE in state 23 resolved as shift
WARNING: shift/reduce conflict for GT in state 23 resolved as shift
WARNING: shift/reduce conflict for GE in state 23 resolved as shift
WARNING: shift/reduce conflict for PLUS in state 24 resolved as shift
WARNING: shift/reduce conflict for MINUS in state 24 resolved as shift
WARNING: shift/reduce conflict for TIMES in state 24 resolved as shift
WARNING: shift/reduce conflict for DIVIDE in state 24 resolved as shift
WARNING: shift/reduce conflict for EQ in state 24 resolved as shift
WARNING: shift/reduce conflict for NE in state 24 resolved as shift
WARNING: shift/reduce conflict for LT in state 24 resolved as shift
WARNING: shift/reduce conflict for LE in state 24 resolved as shift
WARNING: shift/reduce conflict for GT in state 24 resolved as shift
WARNING: shift/reduce conflict for GE in state 24 resolved as shift
WARNING: shift/reduce conflict for PLUS in state 25 resolved as shift
WARNING: shift/reduce conflict for MINUS in state 25 resolved as shift
WARNING: shift/reduce conflict for TIMES in state 25 resolved as shift
WARNING: shift/reduce conflict for DIVIDE in state 25 resolved as shift
WARNING: shift/reduce conflict for EQ in state 25 resolved as shift
WARNING: shift/reduce conflict for NE in state 25 resolved as shift
WARNING: shift/reduce conflict for LT in state 25 resolved as shift
WARNING: shift/reduce conflict for LE in state 25 resolved as shift
WARNING: shift/reduce conflict for GT in state 25 resolved as shift
WARNING: shift/reduce conflict for GE in state 25 resolved as shift
WARNING: shift/reduce conflict for PLUS in state 26 resolved as shift
WARNING: shift/reduce conflict for MINUS in state 26 resolved as shift
WARNING: shift/reduce conflict for TIMES in state 26 resolved as shift
WARNING: shift/reduce conflict for DIVIDE in state 26 resolved as shift
WARNING: shift/reduce conflict for EQ in state 26 resolved as shift
WARNING: shift/reduce conflict for NE in state 26 resolved as shift
WARNING: shift/reduce conflict for LT in state 26 resolved as shift
WARNING: shift/reduce conflict for LE in state 26 resolved as shift
WARNING: shift/reduce conflict for GT in state 26 resolved as shift
WARNING: shift/reduce conflict for GE in state 26 resolved as shift
